                                      1 ;--------------------------------------------------------
                                      2 ; File Created by SDCC : free open source ISO C Compiler 
                                      3 ; Version 4.3.2 #14228 (MINGW64)
                                      4 ;--------------------------------------------------------
                                      5 	.module field
                                      6 	.optsdcc -msm83
                                      7 	
                                      8 ;--------------------------------------------------------
                                      9 ; Public variables in this module
                                     10 ;--------------------------------------------------------
                                     11 	.globl _getMapTileCollisionAt
                                     12 ;--------------------------------------------------------
                                     13 ; special function registers
                                     14 ;--------------------------------------------------------
                                     15 ;--------------------------------------------------------
                                     16 ; ram data
                                     17 ;--------------------------------------------------------
                                     18 	.area _DATA
                                     19 ;--------------------------------------------------------
                                     20 ; ram data
                                     21 ;--------------------------------------------------------
                                     22 	.area _INITIALIZED
                                     23 ;--------------------------------------------------------
                                     24 ; absolute external ram data
                                     25 ;--------------------------------------------------------
                                     26 	.area _DABS (ABS)
                                     27 ;--------------------------------------------------------
                                     28 ; global & static initialisations
                                     29 ;--------------------------------------------------------
                                     30 	.area _HOME
                                     31 	.area _GSINIT
                                     32 	.area _GSFINAL
                                     33 	.area _GSINIT
                                     34 ;--------------------------------------------------------
                                     35 ; Home
                                     36 ;--------------------------------------------------------
                                     37 	.area _HOME
                                     38 	.area _HOME
                                     39 ;--------------------------------------------------------
                                     40 ; code
                                     41 ;--------------------------------------------------------
                                     42 	.area _CODE
                                     43 ;C:\dev\projects\world-eater-2024\examples\gb\app\src\field.c:3: int_fast8_t getMapTileCollisionAt(int_fast8_t x, int_fast8_t y){ 
                                     44 ;	---------------------------------
                                     45 ; Function getMapTileCollisionAt
                                     46 ; ---------------------------------
      000000                         47 _getMapTileCollisionAt::
                                     48 ;C:\dev\projects\world-eater-2024\examples\gb\app\src\field.c:4: return -1;
      000000 3E FF            [ 8]   49 	ld	a, #0xff
                                     50 ;C:\dev\projects\world-eater-2024\examples\gb\app\src\field.c:5: }
      000002 C9               [16]   51 	ret
                                     52 	.area _CODE
                                     53 	.area _INITIALIZER
                                     54 	.area _CABS (ABS)
