                                      1 ;--------------------------------------------------------
                                      2 ; File Created by SDCC : free open source ISO C Compiler 
                                      3 ; Version 4.3.2 #14228 (MINGW64)
                                      4 ;--------------------------------------------------------
                                      5 	.module map_tiles
                                      6 	.optsdcc -msm83
                                      7 	
                                      8 ;--------------------------------------------------------
                                      9 ; Public variables in this module
                                     10 ;--------------------------------------------------------
                                     11 	.globl _map_tiles
                                     12 ;--------------------------------------------------------
                                     13 ; special function registers
                                     14 ;--------------------------------------------------------
                                     15 ;--------------------------------------------------------
                                     16 ; ram data
                                     17 ;--------------------------------------------------------
                                     18 	.area _DATA
                                     19 ;--------------------------------------------------------
                                     20 ; ram data
                                     21 ;--------------------------------------------------------
                                     22 	.area _INITIALIZED
                                     23 ;--------------------------------------------------------
                                     24 ; absolute external ram data
                                     25 ;--------------------------------------------------------
                                     26 	.area _DABS (ABS)
                                     27 ;--------------------------------------------------------
                                     28 ; global & static initialisations
                                     29 ;--------------------------------------------------------
                                     30 	.area _HOME
                                     31 	.area _GSINIT
                                     32 	.area _GSFINAL
                                     33 	.area _GSINIT
                                     34 ;--------------------------------------------------------
                                     35 ; Home
                                     36 ;--------------------------------------------------------
                                     37 	.area _HOME
                                     38 	.area _HOME
                                     39 ;--------------------------------------------------------
                                     40 ; code
                                     41 ;--------------------------------------------------------
                                     42 	.area _CODE
                                     43 	.area _CODE
      000000                         44 _map_tiles:
      000000 FF                      45 	.db #0xff	; 255
      000001 FF                      46 	.db #0xff	; 255
      000002 FF                      47 	.db #0xff	; 255
      000003 FF                      48 	.db #0xff	; 255
      000004 FF                      49 	.db #0xff	; 255
      000005 FF                      50 	.db #0xff	; 255
      000006 FF                      51 	.db #0xff	; 255
      000007 FF                      52 	.db #0xff	; 255
      000008 FF                      53 	.db #0xff	; 255
      000009 FF                      54 	.db #0xff	; 255
      00000A FF                      55 	.db #0xff	; 255
      00000B FF                      56 	.db #0xff	; 255
      00000C FF                      57 	.db #0xff	; 255
      00000D FF                      58 	.db #0xff	; 255
      00000E FF                      59 	.db #0xff	; 255
      00000F FF                      60 	.db #0xff	; 255
      000010 FF                      61 	.db #0xff	; 255
      000011 00                      62 	.db #0x00	; 0
      000012 FF                      63 	.db #0xff	; 255
      000013 00                      64 	.db #0x00	; 0
      000014 FF                      65 	.db #0xff	; 255
      000015 00                      66 	.db #0x00	; 0
      000016 FF                      67 	.db #0xff	; 255
      000017 00                      68 	.db #0x00	; 0
      000018 FF                      69 	.db #0xff	; 255
      000019 00                      70 	.db #0x00	; 0
      00001A FF                      71 	.db #0xff	; 255
      00001B 00                      72 	.db #0x00	; 0
      00001C FF                      73 	.db #0xff	; 255
      00001D 00                      74 	.db #0x00	; 0
      00001E FF                      75 	.db #0xff	; 255
      00001F 00                      76 	.db #0x00	; 0
      000020 FF                      77 	.db #0xff	; 255
      000021 00                      78 	.db #0x00	; 0
      000022 FF                      79 	.db #0xff	; 255
      000023 00                      80 	.db #0x00	; 0
      000024 E7                      81 	.db #0xe7	; 231
      000025 00                      82 	.db #0x00	; 0
      000026 C3                      83 	.db #0xc3	; 195
      000027 00                      84 	.db #0x00	; 0
      000028 C3                      85 	.db #0xc3	; 195
      000029 00                      86 	.db #0x00	; 0
      00002A E7                      87 	.db #0xe7	; 231
      00002B 00                      88 	.db #0x00	; 0
      00002C FF                      89 	.db #0xff	; 255
      00002D 00                      90 	.db #0x00	; 0
      00002E FF                      91 	.db #0xff	; 255
      00002F 00                      92 	.db #0x00	; 0
      000030 E7                      93 	.db #0xe7	; 231
      000031 00                      94 	.db #0x00	; 0
      000032 C3                      95 	.db #0xc3	; 195
      000033 00                      96 	.db #0x00	; 0
      000034 81                      97 	.db #0x81	; 129
      000035 18                      98 	.db #0x18	; 24
      000036 00                      99 	.db #0x00	; 0
      000037 3C                     100 	.db #0x3c	; 60
      000038 00                     101 	.db #0x00	; 0
      000039 3C                     102 	.db #0x3c	; 60
      00003A 81                     103 	.db #0x81	; 129
      00003B 18                     104 	.db #0x18	; 24
      00003C C3                     105 	.db #0xc3	; 195
      00003D 00                     106 	.db #0x00	; 0
      00003E E7                     107 	.db #0xe7	; 231
      00003F 00                     108 	.db #0x00	; 0
      000040 81                     109 	.db #0x81	; 129
      000041 18                     110 	.db #0x18	; 24
      000042 00                     111 	.db #0x00	; 0
      000043 7E                     112 	.db #0x7e	; 126
      000044 00                     113 	.db #0x00	; 0
      000045 7E                     114 	.db #0x7e	; 126
      000046 00                     115 	.db #0x00	; 0
      000047 FF                     116 	.db #0xff	; 255
      000048 00                     117 	.db #0x00	; 0
      000049 FF                     118 	.db #0xff	; 255
      00004A 00                     119 	.db #0x00	; 0
      00004B 7E                     120 	.db #0x7e	; 126
      00004C 00                     121 	.db #0x00	; 0
      00004D 7E                     122 	.db #0x7e	; 126
      00004E 81                     123 	.db #0x81	; 129
      00004F 18                     124 	.db #0x18	; 24
      000050 99                     125 	.db #0x99	; 153
      000051 99                     126 	.db #0x99	; 153
      000052 7E                     127 	.db #0x7e	; 126
      000053 7E                     128 	.db #0x7e	; 126
      000054 7E                     129 	.db #0x7e	; 126
      000055 7E                     130 	.db #0x7e	; 126
      000056 FF                     131 	.db #0xff	; 255
      000057 FF                     132 	.db #0xff	; 255
      000058 FF                     133 	.db #0xff	; 255
      000059 FF                     134 	.db #0xff	; 255
      00005A 7E                     135 	.db #0x7e	; 126
      00005B 7E                     136 	.db #0x7e	; 126
      00005C 7E                     137 	.db #0x7e	; 126
      00005D 7E                     138 	.db #0x7e	; 126
      00005E 99                     139 	.db #0x99	; 153
      00005F 99                     140 	.db #0x99	; 153
                                    141 	.area _INITIALIZER
                                    142 	.area _CABS (ABS)
