                                      1 ;--------------------------------------------------------
                                      2 ; File Created by SDCC : free open source ISO C Compiler 
                                      3 ; Version 4.3.2 #14228 (MINGW64)
                                      4 ;--------------------------------------------------------
                                      5 	.module player
                                      6 	.optsdcc -msm83
                                      7 	
                                      8 ;--------------------------------------------------------
                                      9 ; Public variables in this module
                                     10 ;--------------------------------------------------------
                                     11 	.globl _updatePlayerPosition
                                     12 	.globl _setPlayerSpriteTile
                                     13 	.globl _processInput
                                     14 	.globl _getMapTileCollisionAt
                                     15 	.globl _playerPawns
                                     16 	.globl _players
                                     17 	.globl _updatePlayers
                                     18 ;--------------------------------------------------------
                                     19 ; special function registers
                                     20 ;--------------------------------------------------------
                                     21 ;--------------------------------------------------------
                                     22 ; ram data
                                     23 ;--------------------------------------------------------
                                     24 	.area _DATA
      000000                         25 _players::
      000000                         26 	.ds 16
      000010                         27 _playerPawns::
      000010                         28 	.ds 40
                                     29 ;--------------------------------------------------------
                                     30 ; ram data
                                     31 ;--------------------------------------------------------
                                     32 	.area _INITIALIZED
                                     33 ;--------------------------------------------------------
                                     34 ; absolute external ram data
                                     35 ;--------------------------------------------------------
                                     36 	.area _DABS (ABS)
                                     37 ;--------------------------------------------------------
                                     38 ; global & static initialisations
                                     39 ;--------------------------------------------------------
                                     40 	.area _HOME
                                     41 	.area _GSINIT
                                     42 	.area _GSFINAL
                                     43 	.area _GSINIT
                                     44 ;--------------------------------------------------------
                                     45 ; Home
                                     46 ;--------------------------------------------------------
                                     47 	.area _HOME
                                     48 	.area _HOME
                                     49 ;--------------------------------------------------------
                                     50 ; code
                                     51 ;--------------------------------------------------------
                                     52 	.area _CODE
                                     53 ;C:\dev\projects\world-eater-2024\examples\gb\app\src\player.c:10: void processInput(uint_fast8_t p){
                                     54 ;	---------------------------------
                                     55 ; Function processInput
                                     56 ; ---------------------------------
      000000                         57 _processInput::
      000000 E8 FB            [16]   58 	add	sp, #-5
      000002 F8 04            [12]   59 	ldhl	sp,	#4
      000004 77               [ 8]   60 	ld	(hl), a
                                     61 ;C:\dev\projects\world-eater-2024\examples\gb\app\src\player.c:12: playerPawns[p].dx=0;
      000005 01r10r00         [12]   62 	ld	bc, #_playerPawns+0
      000008 5E               [ 8]   63 	ld	e, (hl)
      000009 16 00            [ 8]   64 	ld	d, #0x00
      00000B 6B               [ 4]   65 	ld	l, e
      00000C 62               [ 4]   66 	ld	h, d
      00000D 29               [ 8]   67 	add	hl, hl
      00000E 29               [ 8]   68 	add	hl, hl
      00000F 19               [ 8]   69 	add	hl, de
      000010 29               [ 8]   70 	add	hl, hl
      000011 09               [ 8]   71 	add	hl, bc
      000012 4D               [ 4]   72 	ld	c, l
      000013 44               [ 4]   73 	ld	b, h
      000014 21 06 00         [12]   74 	ld	hl, #0x0006
      000017 09               [ 8]   75 	add	hl, bc
      000018 33               [ 8]   76 	inc	sp
      000019 33               [ 8]   77 	inc	sp
      00001A E5               [16]   78 	push	hl
      00001B AF               [ 4]   79 	xor	a, a
      00001C 22               [ 8]   80 	ld	(hl+), a
      00001D 77               [ 8]   81 	ld	(hl), a
                                     82 ;C:\dev\projects\world-eater-2024\examples\gb\app\src\player.c:13: playerPawns[p].dy=0;
      00001E 21 08 00         [12]   83 	ld	hl, #0x0008
      000021 09               [ 8]   84 	add	hl, bc
      000022 E5               [16]   85 	push	hl
      000023 7D               [ 4]   86 	ld	a, l
      000024 F8 04            [12]   87 	ldhl	sp,	#4
      000026 77               [ 8]   88 	ld	(hl), a
      000027 E1               [12]   89 	pop	hl
      000028 7C               [ 4]   90 	ld	a, h
      000029 F8 03            [12]   91 	ldhl	sp,	#3
      00002B 32               [ 8]   92 	ld	(hl-), a
      00002C 2A               [ 8]   93 	ld	a,	(hl+)
      00002D 66               [ 8]   94 	ld	h, (hl)
      00002E 6F               [ 4]   95 	ld	l, a
      00002F AF               [ 4]   96 	xor	a, a
      000030 22               [ 8]   97 	ld	(hl+), a
      000031 77               [ 8]   98 	ld	(hl), a
                                     99 ;C:\dev\projects\world-eater-2024\examples\gb\app\src\player.c:16: if(players[p].input&J_UP){
      000032 F8 04            [12]  100 	ldhl	sp,	#4
      000034 6E               [ 8]  101 	ld	l, (hl)
      000035 26 00            [ 8]  102 	ld	h, #0x00
      000037 29               [ 8]  103 	add	hl, hl
      000038 29               [ 8]  104 	add	hl, hl
      000039 11r00r00         [12]  105 	ld	de, #_players
      00003C 19               [ 8]  106 	add	hl, de
      00003D 7E               [ 8]  107 	ld	a, (hl)
      00003E CB 57            [ 8]  108 	bit	2, a
      000040 28 0E            [12]  109 	jr	Z, 00110$
                                    110 ;C:\dev\projects\world-eater-2024\examples\gb\app\src\player.c:17: playerPawns[p].dy=-PLAYER_SPEED;
      000042 F8 02            [12]  111 	ldhl	sp,	#2
      000044 2A               [ 8]  112 	ld	a,	(hl+)
      000045 66               [ 8]  113 	ld	h, (hl)
      000046 6F               [ 4]  114 	ld	l, a
      000047 3E FE            [ 8]  115 	ld	a, #0xfe
      000049 22               [ 8]  116 	ld	(hl+), a
      00004A 36 FF            [12]  117 	ld	(hl), #0xff
                                    118 ;C:\dev\projects\world-eater-2024\examples\gb\app\src\player.c:18: playerPawns[p].facing=PF_UP;
      00004C AF               [ 4]  119 	xor	a, a
      00004D 02               [ 8]  120 	ld	(bc), a
      00004E 18 31            [12]  121 	jr	00112$
      000050                        122 00110$:
                                    123 ;C:\dev\projects\world-eater-2024\examples\gb\app\src\player.c:19: } else if(players[p].input&J_RIGHT){
      000050 CB 47            [ 8]  124 	bit	0, a
      000052 28 0C            [12]  125 	jr	Z, 00107$
                                    126 ;C:\dev\projects\world-eater-2024\examples\gb\app\src\player.c:20: playerPawns[p].dx=PLAYER_SPEED;
      000054 E1               [12]  127 	pop	hl
      000055 E5               [16]  128 	push	hl
      000056 3E 02            [ 8]  129 	ld	a, #0x02
      000058 22               [ 8]  130 	ld	(hl+), a
      000059 36 00            [12]  131 	ld	(hl), #0x00
                                    132 ;C:\dev\projects\world-eater-2024\examples\gb\app\src\player.c:21: playerPawns[p].facing=PF_RT;
      00005B 3E 01            [ 8]  133 	ld	a, #0x01
      00005D 02               [ 8]  134 	ld	(bc), a
      00005E 18 21            [12]  135 	jr	00112$
      000060                        136 00107$:
                                    137 ;C:\dev\projects\world-eater-2024\examples\gb\app\src\player.c:22: } else if(players[p].input&J_LEFT){
      000060 CB 4F            [ 8]  138 	bit	1, a
      000062 28 0C            [12]  139 	jr	Z, 00104$
                                    140 ;C:\dev\projects\world-eater-2024\examples\gb\app\src\player.c:23: playerPawns[p].dx=-PLAYER_SPEED;
      000064 E1               [12]  141 	pop	hl
      000065 E5               [16]  142 	push	hl
      000066 3E FE            [ 8]  143 	ld	a, #0xfe
      000068 22               [ 8]  144 	ld	(hl+), a
      000069 36 FF            [12]  145 	ld	(hl), #0xff
                                    146 ;C:\dev\projects\world-eater-2024\examples\gb\app\src\player.c:24: playerPawns[p].facing=PF_LT;
      00006B 3E 03            [ 8]  147 	ld	a, #0x03
      00006D 02               [ 8]  148 	ld	(bc), a
      00006E 18 11            [12]  149 	jr	00112$
      000070                        150 00104$:
                                    151 ;C:\dev\projects\world-eater-2024\examples\gb\app\src\player.c:25: } else if(players[p].input&J_DOWN){
      000070 CB 5F            [ 8]  152 	bit	3, a
      000072 28 0D            [12]  153 	jr	Z, 00112$
                                    154 ;C:\dev\projects\world-eater-2024\examples\gb\app\src\player.c:26: playerPawns[p].dy=PLAYER_SPEED;
      000074 F8 02            [12]  155 	ldhl	sp,	#2
      000076 2A               [ 8]  156 	ld	a,	(hl+)
      000077 66               [ 8]  157 	ld	h, (hl)
      000078 6F               [ 4]  158 	ld	l, a
      000079 3E 02            [ 8]  159 	ld	a, #0x02
      00007B 22               [ 8]  160 	ld	(hl+), a
      00007C 36 00            [12]  161 	ld	(hl), #0x00
                                    162 ;C:\dev\projects\world-eater-2024\examples\gb\app\src\player.c:27: playerPawns[p].facing=PF_DN;
      00007E 3E 02            [ 8]  163 	ld	a, #0x02
      000080 02               [ 8]  164 	ld	(bc), a
      000081                        165 00112$:
                                    166 ;C:\dev\projects\world-eater-2024\examples\gb\app\src\player.c:29: }
      000081 E8 05            [16]  167 	add	sp, #5
      000083 C9               [16]  168 	ret
                                    169 ;C:\dev\projects\world-eater-2024\examples\gb\app\src\player.c:31: void setPlayerSpriteTile(uint_fast8_t p){
                                    170 ;	---------------------------------
                                    171 ; Function setPlayerSpriteTile
                                    172 ; ---------------------------------
      000084                        173 _setPlayerSpriteTile::
      000084 4F               [ 4]  174 	ld	c, a
                                    175 ;C:\dev\projects\world-eater-2024\examples\gb\app\src\player.c:32: set_sprite_tile(playerPawns[p].sprite,playerPawns[p].facing);
      000085 06 00            [ 8]  176 	ld	b, #0x00
      000087 69               [ 4]  177 	ld	l, c
      000088 60               [ 4]  178 	ld	h, b
      000089 29               [ 8]  179 	add	hl, hl
      00008A 29               [ 8]  180 	add	hl, hl
      00008B 09               [ 8]  181 	add	hl, bc
      00008C 29               [ 8]  182 	add	hl, hl
      00008D 11r10r00         [12]  183 	ld	de, #_playerPawns
      000090 19               [ 8]  184 	add	hl, de
      000091 2A               [ 8]  185 	ld	a, (hl+)
      000092 4F               [ 4]  186 	ld	c, a
                                    187 ;c:\dev\projects\world-eater-2024\include\gb\gb.h:1804: shadow_OAM[nb].tile=tile;
      000093 6E               [ 8]  188 	ld	l, (hl)
      000094 11r00r00         [12]  189 	ld	de, #_shadow_OAM+0
                                    190 ;	spillPairReg hl
                                    191 ;	spillPairReg hl
      000097 26 00            [ 8]  192 	ld	h, #0x00
                                    193 ;	spillPairReg hl
                                    194 ;	spillPairReg hl
      000099 29               [ 8]  195 	add	hl, hl
      00009A 29               [ 8]  196 	add	hl, hl
      00009B 19               [ 8]  197 	add	hl, de
      00009C 23               [ 8]  198 	inc	hl
      00009D 23               [ 8]  199 	inc	hl
      00009E 71               [ 8]  200 	ld	(hl), c
                                    201 ;C:\dev\projects\world-eater-2024\examples\gb\app\src\player.c:32: set_sprite_tile(playerPawns[p].sprite,playerPawns[p].facing);
                                    202 ;C:\dev\projects\world-eater-2024\examples\gb\app\src\player.c:33: }
      00009F C9               [16]  203 	ret
                                    204 ;C:\dev\projects\world-eater-2024\examples\gb\app\src\player.c:35: void updatePlayerPosition(uint_fast8_t p){
                                    205 ;	---------------------------------
                                    206 ; Function updatePlayerPosition
                                    207 ; ---------------------------------
      0000A0                        208 _updatePlayerPosition::
      0000A0 E8 FA            [16]  209 	add	sp, #-6
      0000A2 4F               [ 4]  210 	ld	c, a
                                    211 ;C:\dev\projects\world-eater-2024\examples\gb\app\src\player.c:37: intox=playerPawns[p].x+playerPawns[p].dx;
      0000A3 06 00            [ 8]  212 	ld	b, #0x00
      0000A5 69               [ 4]  213 	ld	l, c
      0000A6 60               [ 4]  214 	ld	h, b
      0000A7 29               [ 8]  215 	add	hl, hl
      0000A8 29               [ 8]  216 	add	hl, hl
      0000A9 09               [ 8]  217 	add	hl, bc
      0000AA 29               [ 8]  218 	add	hl, hl
      0000AB 01r10r00         [12]  219 	ld	bc,#_playerPawns
      0000AE 09               [ 8]  220 	add	hl,bc
      0000AF 4D               [ 4]  221 	ld	c, l
      0000B0 44               [ 4]  222 	ld	b, h
      0000B1 21 02 00         [12]  223 	ld	hl, #0x0002
      0000B4 09               [ 8]  224 	add	hl, bc
      0000B5 33               [ 8]  225 	inc	sp
      0000B6 33               [ 8]  226 	inc	sp
      0000B7 5D               [ 4]  227 	ld	e, l
      0000B8 54               [ 4]  228 	ld	d, h
      0000B9 D5               [16]  229 	push	de
      0000BA 1A               [ 8]  230 	ld	a, (de)
      0000BB 6F               [ 4]  231 	ld	l, a
                                    232 ;	spillPairReg hl
                                    233 ;	spillPairReg hl
      0000BC 79               [ 4]  234 	ld	a, c
      0000BD C6 06            [ 8]  235 	add	a, #0x06
      0000BF 5F               [ 4]  236 	ld	e, a
      0000C0 78               [ 4]  237 	ld	a, b
      0000C1 CE 00            [ 8]  238 	adc	a, #0x00
      0000C3 57               [ 4]  239 	ld	d, a
      0000C4 1A               [ 8]  240 	ld	a, (de)
      0000C5 85               [ 4]  241 	add	a, l
      0000C6 F8 02            [12]  242 	ldhl	sp,	#2
      0000C8 77               [ 8]  243 	ld	(hl), a
                                    244 ;C:\dev\projects\world-eater-2024\examples\gb\app\src\player.c:38: intoy=playerPawns[p].y+playerPawns[p].dy;
      0000C9 21 04 00         [12]  245 	ld	hl, #0x0004
      0000CC 09               [ 8]  246 	add	hl, bc
      0000CD E5               [16]  247 	push	hl
      0000CE 7D               [ 4]  248 	ld	a, l
      0000CF F8 05            [12]  249 	ldhl	sp,	#5
      0000D1 77               [ 8]  250 	ld	(hl), a
      0000D2 E1               [12]  251 	pop	hl
      0000D3 7C               [ 4]  252 	ld	a, h
      0000D4 F8 04            [12]  253 	ldhl	sp,	#4
      0000D6 32               [ 8]  254 	ld	(hl-), a
      0000D7 2A               [ 8]  255 	ld	a, (hl+)
      0000D8 5F               [ 4]  256 	ld	e, a
      0000D9 56               [ 8]  257 	ld	d, (hl)
      0000DA 1A               [ 8]  258 	ld	a, (de)
      0000DB 6F               [ 4]  259 	ld	l, a
                                    260 ;	spillPairReg hl
                                    261 ;	spillPairReg hl
      0000DC 79               [ 4]  262 	ld	a, c
      0000DD C6 08            [ 8]  263 	add	a, #0x08
      0000DF 4F               [ 4]  264 	ld	c, a
      0000E0 30 01            [12]  265 	jr	NC, 00112$
      0000E2 04               [ 4]  266 	inc	b
      0000E3                        267 00112$:
      0000E3 0A               [ 8]  268 	ld	a, (bc)
      0000E4 85               [ 4]  269 	add	a, l
      0000E5 F8 05            [12]  270 	ldhl	sp,	#5
      0000E7 77               [ 8]  271 	ld	(hl), a
                                    272 ;C:\dev\projects\world-eater-2024\examples\gb\app\src\player.c:41: if(getMapTileCollisionAt(intox>>SUBPIXEL_SCALE_SHIFT,intoy>>SUBPIXEL_SCALE_SHIFT)>=0){
      0000E8 5E               [ 8]  273 	ld	e, (hl)
      0000E9 CB 2B            [ 8]  274 	sra	e
      0000EB CB 2B            [ 8]  275 	sra	e
      0000ED CB 2B            [ 8]  276 	sra	e
      0000EF CB 2B            [ 8]  277 	sra	e
      0000F1 F8 02            [12]  278 	ldhl	sp,	#2
      0000F3 4E               [ 8]  279 	ld	c, (hl)
      0000F4 CB 29            [ 8]  280 	sra	c
      0000F6 CB 29            [ 8]  281 	sra	c
      0000F8 CB 29            [ 8]  282 	sra	c
      0000FA CB 29            [ 8]  283 	sra	c
      0000FC 79               [ 4]  284 	ld	a, c
      0000FD CDr00r00         [24]  285 	call	_getMapTileCollisionAt
      000100 CB 7F            [ 8]  286 	bit	7,a
                                    287 ;C:\dev\projects\world-eater-2024\examples\gb\app\src\player.c:43: return;
      000102 28 1A            [12]  288 	jr	Z, 00103$
                                    289 ;C:\dev\projects\world-eater-2024\examples\gb\app\src\player.c:47: playerPawns[p].x=intox;
      000104 F8 02            [12]  290 	ldhl	sp,	#2
      000106 7E               [ 8]  291 	ld	a, (hl)
      000107 4F               [ 4]  292 	ld	c, a
      000108 07               [ 4]  293 	rlca
      000109 9F               [ 4]  294 	sbc	a, a
      00010A 47               [ 4]  295 	ld	b, a
      00010B E1               [12]  296 	pop	hl
      00010C E5               [16]  297 	push	hl
      00010D 79               [ 4]  298 	ld	a, c
      00010E 22               [ 8]  299 	ld	(hl+), a
      00010F 70               [ 8]  300 	ld	(hl), b
                                    301 ;C:\dev\projects\world-eater-2024\examples\gb\app\src\player.c:48: playerPawns[p].y=intoy;
      000110 F8 05            [12]  302 	ldhl	sp,	#5
      000112 3A               [ 8]  303 	ld	a, (hl-)
      000113 2B               [ 8]  304 	dec	hl
      000114 4F               [ 4]  305 	ld	c, a
      000115 07               [ 4]  306 	rlca
      000116 9F               [ 4]  307 	sbc	a, a
      000117 47               [ 4]  308 	ld	b, a
      000118 2A               [ 8]  309 	ld	a,	(hl+)
      000119 66               [ 8]  310 	ld	h, (hl)
      00011A 6F               [ 4]  311 	ld	l, a
      00011B 71               [ 8]  312 	ld	(hl), c
      00011C 23               [ 8]  313 	inc	hl
      00011D 70               [ 8]  314 	ld	(hl), b
      00011E                        315 00103$:
                                    316 ;C:\dev\projects\world-eater-2024\examples\gb\app\src\player.c:49: }
      00011E E8 06            [16]  317 	add	sp, #6
      000120 C9               [16]  318 	ret
                                    319 ;C:\dev\projects\world-eater-2024\examples\gb\app\src\player.c:51: void updatePlayers(uint_fast8_t tick){
                                    320 ;	---------------------------------
                                    321 ; Function updatePlayers
                                    322 ; ---------------------------------
      000121                        323 _updatePlayers::
                                    324 ;C:\dev\projects\world-eater-2024\examples\gb\app\src\player.c:52: for(uint_fast8_t p=0;p<1;p++){
      000121 AF               [ 4]  325 	xor	a, a
      000122                        326 00104$:
      000122 D6 01            [ 8]  327 	sub	a, #0x01
      000124 D0               [20]  328 	ret	NC
                                    329 ;C:\dev\projects\world-eater-2024\examples\gb\app\src\player.c:53: processInput(p);
      000125 AF               [ 4]  330 	xor	a, a
      000126 CDr00r00         [24]  331 	call	_processInput
                                    332 ;C:\dev\projects\world-eater-2024\examples\gb\app\src\player.c:54: setPlayerSpriteTile(p);
      000129 AF               [ 4]  333 	xor	a, a
      00012A CDr84r00         [24]  334 	call	_setPlayerSpriteTile
                                    335 ;C:\dev\projects\world-eater-2024\examples\gb\app\src\player.c:55: updatePlayerPosition(p);
      00012D AF               [ 4]  336 	xor	a, a
      00012E CDrA0r00         [24]  337 	call	_updatePlayerPosition
                                    338 ;C:\dev\projects\world-eater-2024\examples\gb\app\src\player.c:59: (playerPawns[p].y>>SUBPIXEL_SCALE_SHIFT)
      000131 21r14r00         [12]  339 	ld	hl, #_playerPawns + 4
      000134 2A               [ 8]  340 	ld	a, (hl+)
      000135 4F               [ 4]  341 	ld	c, a
      000136 46               [ 8]  342 	ld	b, (hl)
      000137 CB 28            [ 8]  343 	sra	b
      000139 CB 19            [ 8]  344 	rr	c
      00013B CB 28            [ 8]  345 	sra	b
      00013D CB 19            [ 8]  346 	rr	c
      00013F CB 28            [ 8]  347 	sra	b
      000141 CB 19            [ 8]  348 	rr	c
      000143 CB 28            [ 8]  349 	sra	b
      000145 CB 19            [ 8]  350 	rr	c
                                    351 ;C:\dev\projects\world-eater-2024\examples\gb\app\src\player.c:58: (playerPawns[p].x>>SUBPIXEL_SCALE_SHIFT),
      000147 21r12r00         [12]  352 	ld	hl, #_playerPawns + 2
      00014A 2A               [ 8]  353 	ld	a,	(hl+)
      00014B 66               [ 8]  354 	ld	h, (hl)
                                    355 ;	spillPairReg hl
      00014C 6F               [ 4]  356 	ld	l, a
                                    357 ;	spillPairReg hl
                                    358 ;	spillPairReg hl
      00014D CB 2C            [ 8]  359 	sra	h
      00014F CB 1D            [ 8]  360 	rr	l
      000151 CB 2C            [ 8]  361 	sra	h
      000153 CB 1D            [ 8]  362 	rr	l
      000155 CB 2C            [ 8]  363 	sra	h
      000157 CB 1D            [ 8]  364 	rr	l
      000159 CB 2C            [ 8]  365 	sra	h
      00015B CB 1D            [ 8]  366 	rr	l
      00015D 45               [ 4]  367 	ld	b, l
                                    368 ;C:\dev\projects\world-eater-2024\examples\gb\app\src\player.c:57: playerPawns[p].sprite,
      00015E 21r11r00         [12]  369 	ld	hl, #_playerPawns + 1
                                    370 ;c:\dev\projects\world-eater-2024\include\gb\gb.h:1877: OAM_item_t * itm = &shadow_OAM[nb];
      000161 6E               [ 8]  371 	ld	l, (hl)
                                    372 ;	spillPairReg hl
                                    373 ;	spillPairReg hl
      000162 26 00            [ 8]  374 	ld	h, #0x00
                                    375 ;	spillPairReg hl
                                    376 ;	spillPairReg hl
      000164 29               [ 8]  377 	add	hl, hl
      000165 29               [ 8]  378 	add	hl, hl
      000166 11r00r00         [12]  379 	ld	de, #_shadow_OAM
      000169 19               [ 8]  380 	add	hl, de
                                    381 ;c:\dev\projects\world-eater-2024\include\gb\gb.h:1878: itm->y=y, itm->x=x;
      00016A 79               [ 4]  382 	ld	a, c
      00016B 22               [ 8]  383 	ld	(hl+), a
      00016C 70               [ 8]  384 	ld	(hl), b
                                    385 ;C:\dev\projects\world-eater-2024\examples\gb\app\src\player.c:52: for(uint_fast8_t p=0;p<1;p++){
      00016D 3E 01            [ 8]  386 	ld	a, #0x01
                                    387 ;C:\dev\projects\world-eater-2024\examples\gb\app\src\player.c:62: }
      00016F 18 B1            [12]  388 	jr	00104$
                                    389 	.area _CODE
                                    390 	.area _INITIALIZER
                                    391 	.area _CABS (ABS)
