                                      1 ;--------------------------------------------------------
                                      2 ; File Created by SDCC : free open source ISO C Compiler 
                                      3 ; Version 4.3.2 #14228 (MINGW64)
                                      4 ;--------------------------------------------------------
                                      5 	.module player_tiles
                                      6 	.optsdcc -msm83
                                      7 	
                                      8 ;--------------------------------------------------------
                                      9 ; Public variables in this module
                                     10 ;--------------------------------------------------------
                                     11 	.globl _player_tiles
                                     12 ;--------------------------------------------------------
                                     13 ; special function registers
                                     14 ;--------------------------------------------------------
                                     15 ;--------------------------------------------------------
                                     16 ; ram data
                                     17 ;--------------------------------------------------------
                                     18 	.area _DATA
                                     19 ;--------------------------------------------------------
                                     20 ; ram data
                                     21 ;--------------------------------------------------------
                                     22 	.area _INITIALIZED
                                     23 ;--------------------------------------------------------
                                     24 ; absolute external ram data
                                     25 ;--------------------------------------------------------
                                     26 	.area _DABS (ABS)
                                     27 ;--------------------------------------------------------
                                     28 ; global & static initialisations
                                     29 ;--------------------------------------------------------
                                     30 	.area _HOME
                                     31 	.area _GSINIT
                                     32 	.area _GSFINAL
                                     33 	.area _GSINIT
                                     34 ;--------------------------------------------------------
                                     35 ; Home
                                     36 ;--------------------------------------------------------
                                     37 	.area _HOME
                                     38 	.area _HOME
                                     39 ;--------------------------------------------------------
                                     40 ; code
                                     41 ;--------------------------------------------------------
                                     42 	.area _CODE
                                     43 	.area _CODE
      000000                         44 _player_tiles:
      000000 00                      45 	.db #0x00	; 0
      000001 18                      46 	.db #0x18	; 24
      000002 00                      47 	.db #0x00	; 0
      000003 18                      48 	.db #0x18	; 24
      000004 00                      49 	.db #0x00	; 0
      000005 18                      50 	.db #0x18	; 24
      000006 00                      51 	.db #0x00	; 0
      000007 18                      52 	.db #0x18	; 24
      000008 00                      53 	.db #0x00	; 0
      000009 3C                      54 	.db #0x3c	; 60
      00000A 00                      55 	.db #0x00	; 0
      00000B 7E                      56 	.db #0x7e	; 126
      00000C 00                      57 	.db #0x00	; 0
      00000D FF                      58 	.db #0xff	; 255
      00000E 00                      59 	.db #0x00	; 0
      00000F C3                      60 	.db #0xc3	; 195
      000010 00                      61 	.db #0x00	; 0
      000011 C0                      62 	.db #0xc0	; 192
      000012 00                      63 	.db #0x00	; 0
      000013 E0                      64 	.db #0xe0	; 224
      000014 00                      65 	.db #0x00	; 0
      000015 70                      66 	.db #0x70	; 112	'p'
      000016 00                      67 	.db #0x00	; 0
      000017 7F                      68 	.db #0x7f	; 127
      000018 00                      69 	.db #0x00	; 0
      000019 7F                      70 	.db #0x7f	; 127
      00001A 00                      71 	.db #0x00	; 0
      00001B 70                      72 	.db #0x70	; 112	'p'
      00001C 00                      73 	.db #0x00	; 0
      00001D E0                      74 	.db #0xe0	; 224
      00001E 00                      75 	.db #0x00	; 0
      00001F C0                      76 	.db #0xc0	; 192
      000020 00                      77 	.db #0x00	; 0
      000021 C3                      78 	.db #0xc3	; 195
      000022 00                      79 	.db #0x00	; 0
      000023 FF                      80 	.db #0xff	; 255
      000024 00                      81 	.db #0x00	; 0
      000025 7E                      82 	.db #0x7e	; 126
      000026 00                      83 	.db #0x00	; 0
      000027 3C                      84 	.db #0x3c	; 60
      000028 00                      85 	.db #0x00	; 0
      000029 18                      86 	.db #0x18	; 24
      00002A 00                      87 	.db #0x00	; 0
      00002B 18                      88 	.db #0x18	; 24
      00002C 00                      89 	.db #0x00	; 0
      00002D 18                      90 	.db #0x18	; 24
      00002E 00                      91 	.db #0x00	; 0
      00002F 18                      92 	.db #0x18	; 24
      000030 00                      93 	.db #0x00	; 0
      000031 03                      94 	.db #0x03	; 3
      000032 00                      95 	.db #0x00	; 0
      000033 07                      96 	.db #0x07	; 7
      000034 00                      97 	.db #0x00	; 0
      000035 0E                      98 	.db #0x0e	; 14
      000036 00                      99 	.db #0x00	; 0
      000037 FE                     100 	.db #0xfe	; 254
      000038 00                     101 	.db #0x00	; 0
      000039 FE                     102 	.db #0xfe	; 254
      00003A 00                     103 	.db #0x00	; 0
      00003B 0E                     104 	.db #0x0e	; 14
      00003C 00                     105 	.db #0x00	; 0
      00003D 07                     106 	.db #0x07	; 7
      00003E 00                     107 	.db #0x00	; 0
      00003F 03                     108 	.db #0x03	; 3
                                    109 	.area _INITIALIZER
                                    110 	.area _CABS (ABS)
